make all --print-data-base --no-builtin-variables --no-builtin-rules --question
>>> WARNING - libGL.so not found, refer to CUDA Getting Started Guide for how to find and install them. <<<
>>> WARNING - libGLU.so not found, refer to CUDA Getting Started Guide for how to find and install them. <<<
# GNU Make 4.3
# Built for x86_64-pc-linux-gnu
# Copyright (C) 1988-2020 Free Software Foundation, Inc.
# License GPLv3+: GNU GPL version 3 or later <http://gnu.org/licenses/gpl.html>
# This is free software: you are free to change and redistribute it.
# There is NO WARRANTY, to the extent permitted by law.

# Make data base, printed on Wed Aug  3 10:24:38 2022

# Variables

# environment
GDK_BACKEND = x11
# environment
LC_ALL = C
# environment
NO_AT_BRIDGE = 1
# makefile (from 'Makefile', line 136)
NVCCFLAGS := -m64
# makefile (from 'Makefile', line 308)
ALL_CCFLAGS := -m64 --threads 0 --std=c++11
# environment
I3SOCK = /run/user/1000/i3/ipc-socket.941
# environment
VSCODE_CWD = /home/arjun/cuda-samples
# makefile (from 'findgllib.mk', line 60)
SUSE = $(shell echo $(DISTRO) | grep -i 'suse\|sles' >/dev/null 2>&1; echo $$?)
# environment
GPG_TTY = /dev/pts/1
# environment
WINDOWID = 31457295
# default
MAKE_COMMAND := make
# automatic
@D = $(patsubst %/,%,$(dir $@))
# environment
VSCODE_HANDLES_UNCAUGHT_ERRORS = true
# default
.VARIABLES := 
# environment
PWD = /home/arjun/cuda-samples
# automatic
%D = $(patsubst %/,%,$(dir $%))
# environment
MAIL = /var/spool/mail/arjun
# makefile (from 'findgllib.mk', line 48)
DISTRO := arch BUILD_rolling
# automatic
^D = $(patsubst %/,%,$(dir $^))
# automatic
%F = $(notdir $%)
# environment
VSCODE_CODE_CACHE_PATH = /home/arjun/.config/Code/CachedData/b06ae3b2d2dbfe28bca3134cc6be65935cdfea6a
# environment
XDG_SESSION_PATH = /org/freedesktop/DisplayManager/Session0
# environment
LANG = C
# environment
XAUTHORITY = /home/arjun/.Xauthority
# default
.LOADED := 
# default
.INCLUDE_DIRS = /usr/include /usr/local/include /usr/include
# makefile
MAKEFLAGS = pqrR
# makefile
CURDIR := /home/arjun/cuda-samples
# environment
APPLICATION_INSIGHTS_NO_DIAGNOSTIC_CHANNEL = 1
# automatic
*D = $(patsubst %/,%,$(dir $*))
# makefile (from 'Makefile', line 83)
TARGET_OS = $(HOST_OS)
# environment
MFLAGS = -pqrR
# default
.SHELLFLAGS := -c
# automatic
+D = $(patsubst %/,%,$(dir $+))
# environment
XDG_SESSION_DESKTOP = i3
# makefile (from 'findgllib.mk', line 1)
MAKEFILE_LIST := Makefile findgllib.mk
# automatic
@F = $(notdir $@)
# makefile (from 'Makefile', line 47)
TARGET_ARCH = $(HOST_ARCH)
# environment
VSCODE_PID = 30899
# environment
XDG_SESSION_TYPE = x11
# makefile (from 'findgllib.mk', line 124)
HEADER_SEARCH_PATH = $(TARGET_FS)/usr/include
# environment
CUDA_PATH = /opt/cuda
# automatic
?D = $(patsubst %/,%,$(dir $?))
# makefile (from 'Makefile', line 132)
HOST_COMPILER = g++
# makefile (from 'Makefile', line 137)
CCFLAGS := 
# makefile (from 'Makefile', line 266)
INCLUDES := -I./Common
# automatic
*F = $(notdir $*)
# makefile (from 'findgllib.mk', line 58)
RHEL = $(shell echo $(DISTRO) | grep -i 'red\|rhel' >/dev/null 2>&1; echo $$?)
# makefile (from 'findgllib.mk', line 112)
GLLIB := 
# environment
CHROME_DESKTOP = code-url-handler.desktop
# makefile (from 'findgllib.mk', line 113)
GLULIB := 
# environment
DBUS_SESSION_BUS_ADDRESS = unix:path=/run/user/1000/bus
# automatic
<D = $(patsubst %/,%,$(dir $<))
# makefile (from 'Makefile', line 311)
EXEC = @echo "[@]"
# makefile (from 'Makefile', line 133)
NVCC := /opt/cuda/bin/nvcc -ccbin g++
# environment
VSCODE_NLS_CONFIG = {"locale":"en-us","availableLanguages":{},"_languagePackSupport":true}
# default
MAKE_HOST := x86_64-pc-linux-gnu
# makefile
SHELL = /bin/sh
# makefile (from 'Makefile', line 207)
CUDA_INSTALL_TARGET_DIR := 
# default
MAKECMDGOALS := all
# environment
SHLVL = 2
# environment
TERMINFO = /usr/lib/kitty/terminfo
# environment
MAKELEVEL := 0
# makefile (from 'findgllib.mk', line 56)
UBUNTU = $(shell echo $(DISTRO) | grep -i ubuntu      >/dev/null 2>&1; echo $$?)
# default
MAKE = $(MAKE_COMMAND)
# environment
PATH = /opt/anaconda/bin:/home/arjun/.local/bin:/usr/local/bin:/usr/bin:/bin:/usr/local/sbin:/opt/cuda/bin:/opt/cuda/nsight_compute:/opt/cuda/nsight_systems/bin:/usr/lib/jvm/default/bin:/usr/bin/site_perl:/usr/bin/vendor_perl:/usr/bin/core_perl:/home/arjun/blender-3.1.0-linux-x64:/usr/local/bin/VSCode-linux-x64/bin
# default
MAKEFILES := 
# environment
MOTD_SHOWN = pam
# automatic
^F = $(notdir $^)
# makefile (from 'findgllib.mk', line 57)
FEDORA = $(shell echo $(DISTRO) | grep -i fedora      >/dev/null 2>&1; echo $$?)
# makefile (from 'Makefile', line 46)
HOST_ARCH := x86_64
# makefile (from 'Makefile', line 261)
ALL_LDFLAGS := -m64
# automatic
?F = $(notdir $?)
# environment
XDG_SEAT = seat0
# environment
XDG_CURRENT_DESKTOP = i3
# automatic
+F = $(notdir $+)
# environment
XDG_SEAT_PATH = /org/freedesktop/DisplayManager/Seat0
# environment
DESKTOP_SESSION = i3
# environment
ORIGINAL_XDG_CURRENT_DESKTOP = i3
# 'override' directive
GNUMAKEFLAGS := 
# environment
LOGNAME = arjun
# environment
XDG_VTNR = 7
# makefile
.DEFAULT_GOAL := all
# makefile (from 'findgllib.mk', line 132)
GLUHEADER := /usr/include/GL/glu.h
# environment
KITTY_WINDOW_ID = 1
# environment
DISPLAY = :0
# environment
USER = arjun
# makefile (from 'Makefile', line 56)
TARGET_SIZE := 64
# default
MAKE_VERSION := 4.3
# makefile (from 'Makefile', line 302)
HIGHEST_SM := 86
# 'override' directive
.SHELLSTATUS := 0
# makefile (from 'Makefile', line 138)
LDFLAGS := 
# environment
DEBUGINFOD_URLS = https://debuginfod.archlinux.org 
# makefile (from 'findgllib.mk', line 121)
SAMPLE_ENABLED := 0
# environment
KITTY_PID = 29040
# environment
_ = /usr/bin/make
# environment
XDG_RUNTIME_DIR = /run/user/1000
# environment
COLORTERM = truecolor
# makefile (from 'Makefile', line 289)
SMS = 35 37 50 52 60 61 70 75 80 86
# makefile (from 'Makefile', line 82)
HOST_OS := linux
# makefile (from 'findgllib.mk', line 59)
CENTOS = $(shell echo $(DISTRO) | grep -i centos      >/dev/null 2>&1; echo $$?)
# environment
XDG_SESSION_CLASS = user
# makefile (from 'Makefile', line 282)
LIBRARIES := -lGL -lGLU -lglut
# environment
VSCODE_AMD_ENTRYPOINT = vs/workbench/api/node/extensionHostProcess
# environment
HOME = /home/arjun
# environment
ELECTRON_RUN_AS_NODE = 1
# environment
VSCODE_IPC_HOOK = /run/user/1000/vscode-e0f92793-1.69.1-main.sock
# environment
TERM = xterm-kitty
# environment
HG = /usr/bin/hg
# makefile (from 'Makefile', line 231)
BUILD_TYPE := release
# environment
XDG_SESSION_ID = 2
# default
.RECIPEPREFIX := 
# automatic
<F = $(notdir $<)
# default
SUFFIXES := 
# environment
VSCODE_CLI = 1
# environment
ELECTRON_NO_ATTACH_CONSOLE = 1
# environment
XDG_GREETER_DATA_DIR = /var/lib/lightdm-data/arjun
# makefile (from 'Makefile', line 304)
GENCODE_FLAGS = -gencode arch=compute_35,code=sm_35 -gencode arch=compute_37,code=sm_37 -gencode arch=compute_50,code=sm_50 -gencode arch=compute_52,code=sm_52 -gencode arch=compute_60,code=sm_60 -gencode arch=compute_61,code=sm_61 -gencode arch=compute_70,code=sm_70 -gencode arch=compute_75,code=sm_75 -gencode arch=compute_80,code=sm_80 -gencode arch=compute_86,code=sm_86 -gencode arch=compute_$(HIGHEST_SM),code=compute_$(HIGHEST_SM)
# default
.FEATURES := target-specific order-only second-expansion else-if shortest-stem undefine oneshell nocomment grouped-target extra-prereqs archives jobserver output-sync check-symlink guile load
# makefile (from 'findgllib.mk', line 131)
GLHEADER := /usr/include/gstreamer-1.0/gst/gl/gl.h /usr/include/GL/gl.h /usr/include/hwloc/gl.h /usr/include/epoxy/gl.h
# environment
KITTY_INSTALLATION_DIR = /usr/lib/kitty
# environment
GDMSESSION = i3
# variable set hash-table stats:
# Load=122/1024=12%, Rehash=0, Collisions=22/409=5%

# Pattern-specific Variable Values

# No pattern-specific variable values.

# Directories

# . (device 66306, inode 11559005): 13 files, no impossibilities.

# 13 files, no impossibilities in 1 directories.

# Implicit Rules

# No implicit rules.

# Files

 
# Not a target:
simpleCUDA2GL.cu:
#  Implicit rule search has not been done.
#  Modification time never checked.
#  File has not been updated.

# Not a target:
findgllib.mk:
#  Implicit rule search has been done.
#  Last modified 2022-08-03 10:13:55.505319683
#  File has been updated.
#  Successfully updated.

# Not a target:
Makefile:
#  Implicit rule search has been done.
#  Last modified 2022-08-03 10:22:48.449210989
#  File has been updated.
#  Successfully updated.

check.deps:
#  Implicit rule search has not been done.
#  Modification time never checked.
#  File has not been updated.
#  recipe to execute (from 'Makefile', line 323):
	@echo "Sample will be waived due to the above missing dependencies"

simpleCUDA2GL: main.o simpleCUDA2GL.o
#  Implicit rule search has not been done.
#  File does not exist.
#  File has been updated.
#  Needs to be updated (-q is set).
# variable set hash-table stats:
# Load=0/32=0%, Rehash=0, Collisions=0/10=0%
#  recipe to execute (from 'Makefile', line 335):
	$(EXEC) $(NVCC) $(ALL_LDFLAGS) $(GENCODE_FLAGS) -o $@ $+ $(LIBRARIES)

simpleCUDA2GL.o: simpleCUDA2GL.cu
#  Implicit rule search has not been done.
#  Modification time never checked.
#  File has not been updated.
#  recipe to execute (from 'Makefile', line 332):
	$(EXEC) $(NVCC) $(INCLUDES) $(ALL_CCFLAGS) $(GENCODE_FLAGS) -o $@ -c $<

clean:
#  Implicit rule search has not been done.
#  Modification time never checked.
#  File has not been updated.
#  recipe to execute (from 'Makefile', line 344):
	rm -f simpleCUDA2GL main.o simpleCUDA2GL.o

# Not a target:
.DEFAULT:
#  Implicit rule search has not been done.
#  Modification time never checked.
#  File has not been updated.

all: build
#  Command line target.
#  Implicit rule search has been done.
#  File does not exist.
#  File has been updated.
#  Needs to be updated (-q is set).
# variable set hash-table stats:
# Load=0/32=0%, Rehash=0, Collisions=0/10=0%

run: build
#  Implicit rule search has not been done.
#  Modification time never checked.
#  File has not been updated.
#  recipe to execute (from 'Makefile', line 338):
	$(EXEC) ./simpleCUDA2GL

build: simpleCUDA2GL
#  Implicit rule search has been done.
#  File does not exist.
#  File has been updated.
#  Needs to be updated (-q is set).
# variable set hash-table stats:
# Load=0/32=0%, Rehash=0, Collisions=0/10=0%

# Not a target:
main.cpp:
#  Implicit rule search has been done.
#  Last modified 2022-08-03 10:20:52.75238059
#  File has been updated.
#  Successfully updated.

main.o: main.cpp
#  Implicit rule search has not been done.
#  Implicit/static pattern stem: ''
#  File does not exist.
#  File has been updated.
#  Needs to be updated (-q is set).
# automatic
# @ := main.o
# automatic
# * := 
# automatic
# < := main.cpp
# automatic
# + := main.cpp
# automatic
# % := 
# automatic
# ^ := main.cpp
# automatic
# ? := main.cpp
# automatic
# | := 
# variable set hash-table stats:
# Load=8/32=25%, Rehash=0, Collisions=6/20=30%
#  recipe to execute (from 'Makefile', line 329):
	$(EXEC) $(NVCC) $(INCLUDES) $(ALL_CCFLAGS) $(GENCODE_FLAGS) -o $@ -c $<

testrun: build
#  Implicit rule search has not been done.
#  Modification time never checked.
#  File has not been updated.
#  recipe to execute (from 'Makefile', line 341):
	$(EXEC) ./simpleCUDA2GL -file=ref_simpleCUDA2GL.ppm

clobber: clean
#  Implicit rule search has not been done.
#  Modification time never checked.
#  File has not been updated.

# Not a target:
.SUFFIXES:
#  Implicit rule search has not been done.
#  Modification time never checked.
#  File has not been updated.

# files hash-table stats:
# Load=16/1024=2%, Rehash=0, Collisions=0/40=0%
# VPATH Search Paths

# No 'vpath' search paths.

# No general ('VPATH' variable) search path.

# strcache buffers: 1 (0) / strings = 27 / storage = 258 B / avg = 9 B
# current buf: size = 8162 B / used = 258 B / count = 27 / avg = 9 B

# strcache performance: lookups = 54 / hit rate = 50%
# hash-table stats:
# Load=27/8192=0%, Rehash=0, Collisions=0/54=0%
# Finished Make data base on Wed Aug  3 10:24:39 2022

 
